{"/Users/jaren/Documents/GitHub Repos/Walk-Dont-Run/services/commentService.ts": {"path":"/Users/jaren/Documents/GitHub Repos/Walk-Dont-Run/services/commentService.ts","statementMap":{"0":{"start":{"line":12,"column":20},"end":{"line":12,"column":31}},"1":{"start":{"line":13,"column":4},"end":{"line":13,"column":25}},"2":{"start":{"line":13,"column":18},"end":{"line":13,"column":25}},"3":{"start":{"line":15,"column":18},"end":{"line":15,"column":32}},"4":{"start":{"line":16,"column":23},"end":{"line":16,"column":69}},"5":{"start":{"line":18,"column":4},"end":{"line":26,"column":7}},"6":{"start":{"line":28,"column":4},"end":{"line":30,"column":7}},"7":{"start":{"line":32,"column":4},"end":{"line":32,"column":25}},"8":{"start":{"line":39,"column":26},"end":{"line":42,"column":5}},"9":{"start":{"line":44,"column":4},"end":{"line":49,"column":7}},"10":{"start":{"line":45,"column":25},"end":{"line":47,"column":9}},"11":{"start":{"line":46,"column":25},"end":{"line":46,"column":75}},"12":{"start":{"line":48,"column":8},"end":{"line":48,"column":27}}},"fnMap":{"0":{"name":"addComment","decl":{"start":{"line":5,"column":22},"end":{"line":5,"column":32}},"loc":{"start":{"line":11,"column":17},"end":{"line":33,"column":1}},"line":11},"1":{"name":"subscribeToComments","decl":{"start":{"line":35,"column":16},"end":{"line":35,"column":35}},"loc":{"start":{"line":38,"column":14},"end":{"line":50,"column":1}},"line":38},"2":{"name":"(anonymous_2)","decl":{"start":{"line":44,"column":37},"end":{"line":44,"column":38}},"loc":{"start":{"line":44,"column":51},"end":{"line":49,"column":5}},"line":44},"3":{"name":"(anonymous_3)","decl":{"start":{"line":46,"column":12},"end":{"line":46,"column":13}},"loc":{"start":{"line":46,"column":25},"end":{"line":46,"column":75}},"line":46}},"branchMap":{"0":{"loc":{"start":{"line":13,"column":4},"end":{"line":13,"column":25}},"type":"if","locations":[{"start":{"line":13,"column":4},"end":{"line":13,"column":25}},{"start":{},"end":{}}],"line":13}},"s":{"0":7,"1":7,"2":2,"3":5,"4":5,"5":5,"6":5,"7":5,"8":4,"9":4,"10":2,"11":2,"12":2},"f":{"0":7,"1":4,"2":2,"3":2},"b":{"0":[2,5]},"_coverageSchema":"1a1c01bbd47fc00a2c39e90264f33305004495a9","hash":"3bf72c50705cb863a7d3250a3feba96ac25af8ca"}
,"/Users/jaren/Documents/GitHub Repos/Walk-Dont-Run/services/feedService.ts": {"path":"/Users/jaren/Documents/GitHub Repos/Walk-Dont-Run/services/feedService.ts","statementMap":{"0":{"start":{"line":15,"column":20},"end":{"line":15,"column":52}},"1":{"start":{"line":17,"column":14},"end":{"line":22,"column":5}},"2":{"start":{"line":24,"column":4},"end":{"line":30,"column":16}},"3":{"start":{"line":25,"column":21},"end":{"line":28,"column":11}},"4":{"start":{"line":25,"column":49},"end":{"line":28,"column":9}},"5":{"start":{"line":29,"column":8},"end":{"line":29,"column":23}}},"fnMap":{"0":{"name":"subscribeFeed","decl":{"start":{"line":8,"column":16},"end":{"line":8,"column":29}},"loc":{"start":{"line":13,"column":14},"end":{"line":31,"column":1}},"line":13},"1":{"name":"(anonymous_1)","decl":{"start":{"line":24,"column":25},"end":{"line":24,"column":26}},"loc":{"start":{"line":24,"column":39},"end":{"line":30,"column":5}},"line":24},"2":{"name":"(anonymous_2)","decl":{"start":{"line":25,"column":39},"end":{"line":25,"column":40}},"loc":{"start":{"line":25,"column":49},"end":{"line":28,"column":9}},"line":25}},"branchMap":{},"s":{"0":9,"1":9,"2":9,"3":1,"4":1,"5":1},"f":{"0":9,"1":1,"2":1},"b":{},"_coverageSchema":"1a1c01bbd47fc00a2c39e90264f33305004495a9","hash":"9e4208dca518a6a0339232e28580dbc1ef0b4c1f"}
,"/Users/jaren/Documents/GitHub Repos/Walk-Dont-Run/services/followService.ts": {"path":"/Users/jaren/Documents/GitHub Repos/Walk-Dont-Run/services/followService.ts","statementMap":{"0":{"start":{"line":5,"column":18},"end":{"line":5,"column":32}},"1":{"start":{"line":7,"column":4},"end":{"line":9,"column":7}},"2":{"start":{"line":11,"column":4},"end":{"line":14,"column":7}},"3":{"start":{"line":16,"column":4},"end":{"line":16,"column":25}},"4":{"start":{"line":20,"column":18},"end":{"line":20,"column":32}},"5":{"start":{"line":22,"column":4},"end":{"line":24,"column":7}},"6":{"start":{"line":26,"column":4},"end":{"line":29,"column":7}},"7":{"start":{"line":31,"column":4},"end":{"line":31,"column":25}}},"fnMap":{"0":{"name":"followUser","decl":{"start":{"line":4,"column":22},"end":{"line":4,"column":32}},"loc":{"start":{"line":4,"column":85},"end":{"line":17,"column":1}},"line":4},"1":{"name":"unfollowUser","decl":{"start":{"line":19,"column":22},"end":{"line":19,"column":34}},"loc":{"start":{"line":19,"column":87},"end":{"line":32,"column":1}},"line":19}},"branchMap":{},"s":{"0":5,"1":5,"2":5,"3":5,"4":5,"5":5,"6":5,"7":5},"f":{"0":5,"1":5},"b":{},"_coverageSchema":"1a1c01bbd47fc00a2c39e90264f33305004495a9","hash":"370ba07b26e4581c7ccfd11adc1a499b67c8aa38"}
,"/Users/jaren/Documents/GitHub Repos/Walk-Dont-Run/services/likeService.ts": {"path":"/Users/jaren/Documents/GitHub Repos/Walk-Dont-Run/services/likeService.ts","statementMap":{"0":{"start":{"line":9,"column":19},"end":{"line":9,"column":41}},"1":{"start":{"line":10,"column":4},"end":{"line":12,"column":7}}},"fnMap":{"0":{"name":"toggleLike","decl":{"start":{"line":4,"column":22},"end":{"line":4,"column":32}},"loc":{"start":{"line":8,"column":17},"end":{"line":13,"column":1}},"line":8}},"branchMap":{"0":{"loc":{"start":{"line":11,"column":15},"end":{"line":11,"column":59}},"type":"cond-expr","locations":[{"start":{"line":11,"column":25},"end":{"line":11,"column":41}},{"start":{"line":11,"column":44},"end":{"line":11,"column":59}}],"line":11}},"s":{"0":6,"1":6},"f":{"0":6},"b":{"0":[2,4]},"_coverageSchema":"1a1c01bbd47fc00a2c39e90264f33305004495a9","hash":"0625c639d8d3c3391860a0889eb9711a7442ba2e"}
,"/Users/jaren/Documents/GitHub Repos/Walk-Dont-Run/services/runService.ts": {"path":"/Users/jaren/Documents/GitHub Repos/Walk-Dont-Run/services/runService.ts","statementMap":{"0":{"start":{"line":6,"column":22},"end":{"line":30,"column":1}},"1":{"start":{"line":7,"column":4},"end":{"line":29,"column":5}},"2":{"start":{"line":8,"column":22},"end":{"line":8,"column":36}},"3":{"start":{"line":10,"column":23},"end":{"line":10,"column":50}},"4":{"start":{"line":11,"column":8},"end":{"line":16,"column":11}},"5":{"start":{"line":18,"column":24},"end":{"line":18,"column":55}},"6":{"start":{"line":19,"column":8},"end":{"line":22,"column":11}},"7":{"start":{"line":24,"column":8},"end":{"line":24,"column":29}},"8":{"start":{"line":25,"column":8},"end":{"line":25,"column":25}},"9":{"start":{"line":27,"column":8},"end":{"line":27,"column":51}},"10":{"start":{"line":28,"column":8},"end":{"line":28,"column":20}},"11":{"start":{"line":32,"column":27},"end":{"line":48,"column":1}},"12":{"start":{"line":33,"column":4},"end":{"line":47,"column":9}},"13":{"start":{"line":34,"column":18},"end":{"line":38,"column":9}},"14":{"start":{"line":39,"column":25},"end":{"line":39,"column":41}},"15":{"start":{"line":40,"column":8},"end":{"line":43,"column":19}},"16":{"start":{"line":40,"column":41},"end":{"line":43,"column":16}},"17":{"start":{"line":45,"column":12},"end":{"line":45,"column":62}},"18":{"start":{"line":46,"column":12},"end":{"line":46,"column":24}},"19":{"start":{"line":50,"column":35},"end":{"line":71,"column":1}},"20":{"start":{"line":55,"column":14},"end":{"line":59,"column":5}},"21":{"start":{"line":61,"column":4},"end":{"line":70,"column":6}},"22":{"start":{"line":63,"column":25},"end":{"line":66,"column":24}},"23":{"start":{"line":63,"column":51},"end":{"line":66,"column":13}},"24":{"start":{"line":67,"column":12},"end":{"line":67,"column":25}}},"fnMap":{"0":{"name":"(anonymous_0)","decl":{"start":{"line":6,"column":22},"end":{"line":6,"column":23}},"loc":{"start":{"line":6,"column":65},"end":{"line":30,"column":1}},"line":6},"1":{"name":"(anonymous_1)","decl":{"start":{"line":32,"column":27},"end":{"line":32,"column":28}},"loc":{"start":{"line":32,"column":69},"end":{"line":48,"column":1}},"line":32},"2":{"name":"(anonymous_2)","decl":{"start":{"line":40,"column":33},"end":{"line":40,"column":34}},"loc":{"start":{"line":40,"column":41},"end":{"line":43,"column":16}},"line":40},"3":{"name":"(anonymous_3)","decl":{"start":{"line":50,"column":35},"end":{"line":50,"column":36}},"loc":{"start":{"line":54,"column":5},"end":{"line":71,"column":1}},"line":54},"4":{"name":"(anonymous_4)","decl":{"start":{"line":62,"column":8},"end":{"line":62,"column":9}},"loc":{"start":{"line":62,"column":22},"end":{"line":68,"column":9}},"line":62},"5":{"name":"(anonymous_5)","decl":{"start":{"line":63,"column":43},"end":{"line":63,"column":44}},"loc":{"start":{"line":63,"column":51},"end":{"line":66,"column":13}},"line":63}},"branchMap":{},"s":{"0":1,"1":5,"2":5,"3":5,"4":5,"5":5,"6":5,"7":5,"8":5,"9":0,"10":0,"11":1,"12":3,"13":3,"14":3,"15":3,"16":3,"17":0,"18":0,"19":1,"20":0,"21":0,"22":0,"23":0,"24":0},"f":{"0":5,"1":3,"2":3,"3":0,"4":0,"5":0},"b":{},"_coverageSchema":"1a1c01bbd47fc00a2c39e90264f33305004495a9","hash":"30605bb1094bdc36c7ac62acb186e16c453a2510"}
,"/Users/jaren/Documents/GitHub Repos/Walk-Dont-Run/services/statsService.ts": {"path":"/Users/jaren/Documents/GitHub Repos/Walk-Dont-Run/services/statsService.ts","statementMap":{"0":{"start":{"line":3,"column":16},"end":{"line":8,"column":1}},"1":{"start":{"line":4,"column":17},"end":{"line":4,"column":79}},"2":{"start":{"line":5,"column":4},"end":{"line":5,"column":69}},"3":{"start":{"line":6,"column":22},"end":{"line":6,"column":69}},"4":{"start":{"line":7,"column":4},"end":{"line":7,"column":84}},"5":{"start":{"line":10,"column":24},"end":{"line":17,"column":1}},"6":{"start":{"line":11,"column":14},"end":{"line":11,"column":24}},"7":{"start":{"line":12,"column":16},"end":{"line":12,"column":29}},"8":{"start":{"line":13,"column":20},"end":{"line":13,"column":39}},"9":{"start":{"line":14,"column":2},"end":{"line":14,"column":49}},"10":{"start":{"line":15,"column":2},"end":{"line":15,"column":29}},"11":{"start":{"line":16,"column":2},"end":{"line":16,"column":15}},"12":{"start":{"line":19,"column":25},"end":{"line":23,"column":1}},"13":{"start":{"line":20,"column":14},"end":{"line":20,"column":24}},"14":{"start":{"line":21,"column":16},"end":{"line":21,"column":74}},"15":{"start":{"line":22,"column":2},"end":{"line":22,"column":15}},"16":{"start":{"line":25,"column":33},"end":{"line":48,"column":1}},"17":{"start":{"line":26,"column":47},"end":{"line":26,"column":49}},"18":{"start":{"line":27,"column":4},"end":{"line":40,"column":7}},"19":{"start":{"line":28,"column":8},"end":{"line":28,"column":35}},"20":{"start":{"line":28,"column":28},"end":{"line":28,"column":35}},"21":{"start":{"line":29,"column":18},"end":{"line":29,"column":43}},"22":{"start":{"line":30,"column":8},"end":{"line":30,"column":28}},"23":{"start":{"line":30,"column":21},"end":{"line":30,"column":28}},"24":{"start":{"line":31,"column":21},"end":{"line":31,"column":43}},"25":{"start":{"line":32,"column":18},"end":{"line":32,"column":20}},"26":{"start":{"line":33,"column":8},"end":{"line":38,"column":9}},"27":{"start":{"line":34,"column":27},"end":{"line":34,"column":111}},"28":{"start":{"line":35,"column":12},"end":{"line":35,"column":90}},"29":{"start":{"line":37,"column":12},"end":{"line":37,"column":38}},"30":{"start":{"line":39,"column":8},"end":{"line":39,"column":47}},"31":{"start":{"line":42,"column":4},"end":{"line":47,"column":19}},"32":{"start":{"line":43,"column":25},"end":{"line":46,"column":9}},"33":{"start":{"line":50,"column":33},"end":{"line":72,"column":1}},"34":{"start":{"line":51,"column":48},"end":{"line":51,"column":50}},"35":{"start":{"line":52,"column":16},"end":{"line":52,"column":17}},"36":{"start":{"line":53,"column":16},"end":{"line":53,"column":26}},"37":{"start":{"line":54,"column":22},"end":{"line":54,"column":68}},"38":{"start":{"line":55,"column":22},"end":{"line":55,"column":39}},"39":{"start":{"line":56,"column":21},"end":{"line":56,"column":38}},"40":{"start":{"line":57,"column":4},"end":{"line":64,"column":7}},"41":{"start":{"line":58,"column":8},"end":{"line":58,"column":48}},"42":{"start":{"line":58,"column":41},"end":{"line":58,"column":48}},"43":{"start":{"line":59,"column":24},"end":{"line":59,"column":46}},"44":{"start":{"line":60,"column":8},"end":{"line":60,"column":66}},"45":{"start":{"line":60,"column":59},"end":{"line":60,"column":66}},"46":{"start":{"line":61,"column":8},"end":{"line":61,"column":68}},"47":{"start":{"line":61,"column":61},"end":{"line":61,"column":68}},"48":{"start":{"line":62,"column":8},"end":{"line":62,"column":59}},"49":{"start":{"line":63,"column":8},"end":{"line":63,"column":17}},"50":{"start":{"line":66,"column":22},"end":{"line":70,"column":41}},"51":{"start":{"line":66,"column":57},"end":{"line":70,"column":5}},"52":{"start":{"line":70,"column":23},"end":{"line":70,"column":40}},"53":{"start":{"line":71,"column":4},"end":{"line":71,"column":52}}},"fnMap":{"0":{"name":"(anonymous_0)","decl":{"start":{"line":3,"column":16},"end":{"line":3,"column":17}},"loc":{"start":{"line":3,"column":29},"end":{"line":8,"column":1}},"line":3},"1":{"name":"(anonymous_1)","decl":{"start":{"line":10,"column":24},"end":{"line":10,"column":25}},"loc":{"start":{"line":10,"column":30},"end":{"line":17,"column":1}},"line":10},"2":{"name":"(anonymous_2)","decl":{"start":{"line":19,"column":25},"end":{"line":19,"column":26}},"loc":{"start":{"line":19,"column":31},"end":{"line":23,"column":1}},"line":19},"3":{"name":"(anonymous_3)","decl":{"start":{"line":25,"column":33},"end":{"line":25,"column":34}},"loc":{"start":{"line":25,"column":84},"end":{"line":48,"column":1}},"line":25},"4":{"name":"(anonymous_4)","decl":{"start":{"line":27,"column":17},"end":{"line":27,"column":18}},"loc":{"start":{"line":27,"column":26},"end":{"line":40,"column":5}},"line":27},"5":{"name":"(anonymous_5)","decl":{"start":{"line":43,"column":13},"end":{"line":43,"column":14}},"loc":{"start":{"line":43,"column":25},"end":{"line":46,"column":9}},"line":43},"6":{"name":"(anonymous_6)","decl":{"start":{"line":50,"column":33},"end":{"line":50,"column":34}},"loc":{"start":{"line":50,"column":84},"end":{"line":72,"column":1}},"line":50},"7":{"name":"(anonymous_7)","decl":{"start":{"line":57,"column":17},"end":{"line":57,"column":18}},"loc":{"start":{"line":57,"column":26},"end":{"line":64,"column":5}},"line":57},"8":{"name":"(anonymous_8)","decl":{"start":{"line":66,"column":48},"end":{"line":66,"column":49}},"loc":{"start":{"line":66,"column":57},"end":{"line":70,"column":5}},"line":66},"9":{"name":"(anonymous_9)","decl":{"start":{"line":70,"column":13},"end":{"line":70,"column":14}},"loc":{"start":{"line":70,"column":23},"end":{"line":70,"column":40}},"line":70}},"branchMap":{"0":{"loc":{"start":{"line":5,"column":45},"end":{"line":5,"column":66}},"type":"binary-expr","locations":[{"start":{"line":5,"column":45},"end":{"line":5,"column":61}},{"start":{"line":5,"column":65},"end":{"line":5,"column":66}}],"line":5},"1":{"loc":{"start":{"line":13,"column":20},"end":{"line":13,"column":39}},"type":"binary-expr","locations":[{"start":{"line":13,"column":20},"end":{"line":13,"column":34}},{"start":{"line":13,"column":38},"end":{"line":13,"column":39}}],"line":13},"2":{"loc":{"start":{"line":28,"column":8},"end":{"line":28,"column":35}},"type":"if","locations":[{"start":{"line":28,"column":8},"end":{"line":28,"column":35}},{"start":{},"end":{}}],"line":28},"3":{"loc":{"start":{"line":29,"column":18},"end":{"line":29,"column":43}},"type":"binary-expr","locations":[{"start":{"line":29,"column":18},"end":{"line":29,"column":38}},{"start":{"line":29,"column":42},"end":{"line":29,"column":43}}],"line":29},"4":{"loc":{"start":{"line":30,"column":8},"end":{"line":30,"column":28}},"type":"if","locations":[{"start":{"line":30,"column":8},"end":{"line":30,"column":28}},{"start":{},"end":{}}],"line":30},"5":{"loc":{"start":{"line":33,"column":8},"end":{"line":38,"column":9}},"type":"if","locations":[{"start":{"line":33,"column":8},"end":{"line":38,"column":9}},{"start":{"line":36,"column":15},"end":{"line":38,"column":9}}],"line":33},"6":{"loc":{"start":{"line":39,"column":24},"end":{"line":39,"column":41}},"type":"binary-expr","locations":[{"start":{"line":39,"column":24},"end":{"line":39,"column":36}},{"start":{"line":39,"column":40},"end":{"line":39,"column":41}}],"line":39},"7":{"loc":{"start":{"line":55,"column":22},"end":{"line":55,"column":39}},"type":"binary-expr","locations":[{"start":{"line":55,"column":22},"end":{"line":55,"column":34}},{"start":{"line":55,"column":38},"end":{"line":55,"column":39}}],"line":55},"8":{"loc":{"start":{"line":58,"column":8},"end":{"line":58,"column":48}},"type":"if","locations":[{"start":{"line":58,"column":8},"end":{"line":58,"column":48}},{"start":{},"end":{}}],"line":58},"9":{"loc":{"start":{"line":58,"column":12},"end":{"line":58,"column":39}},"type":"binary-expr","locations":[{"start":{"line":58,"column":12},"end":{"line":58,"column":21}},{"start":{"line":58,"column":25},"end":{"line":58,"column":39}}],"line":58},"10":{"loc":{"start":{"line":60,"column":8},"end":{"line":60,"column":66}},"type":"if","locations":[{"start":{"line":60,"column":8},"end":{"line":60,"column":66}},{"start":{},"end":{}}],"line":60},"11":{"loc":{"start":{"line":60,"column":12},"end":{"line":60,"column":57}},"type":"binary-expr","locations":[{"start":{"line":60,"column":12},"end":{"line":60,"column":35}},{"start":{"line":60,"column":39},"end":{"line":60,"column":57}}],"line":60},"12":{"loc":{"start":{"line":61,"column":8},"end":{"line":61,"column":68}},"type":"if","locations":[{"start":{"line":61,"column":8},"end":{"line":61,"column":68}},{"start":{},"end":{}}],"line":61},"13":{"loc":{"start":{"line":61,"column":12},"end":{"line":61,"column":59}},"type":"binary-expr","locations":[{"start":{"line":61,"column":12},"end":{"line":61,"column":36}},{"start":{"line":61,"column":40},"end":{"line":61,"column":59}}],"line":61},"14":{"loc":{"start":{"line":62,"column":30},"end":{"line":62,"column":53}},"type":"binary-expr","locations":[{"start":{"line":62,"column":30},"end":{"line":62,"column":48}},{"start":{"line":62,"column":52},"end":{"line":62,"column":53}}],"line":62}},"s":{"0":1,"1":2,"2":2,"3":2,"4":2,"5":1,"6":5,"7":5,"8":5,"9":5,"10":5,"11":5,"12":1,"13":0,"14":0,"15":0,"16":1,"17":7,"18":7,"19":23,"20":1,"21":22,"22":22,"23":3,"24":19,"25":19,"26":19,"27":17,"28":17,"29":2,"30":19,"31":7,"32":16,"33":1,"34":5,"35":5,"36":5,"37":5,"38":5,"39":5,"40":5,"41":19,"42":2,"43":17,"44":17,"45":3,"46":14,"47":1,"48":13,"49":13,"50":5,"51":8,"52":4,"53":5},"f":{"0":2,"1":5,"2":0,"3":7,"4":23,"5":16,"6":5,"7":19,"8":8,"9":4},"b":{"0":[2,0],"1":[5,5],"2":[1,22],"3":[22,3],"4":[3,19],"5":[17,2],"6":[19,16],"7":[5,5],"8":[2,17],"9":[19,18],"10":[3,14],"11":[17,13],"12":[1,13],"13":[14,4],"14":[13,8]},"_coverageSchema":"1a1c01bbd47fc00a2c39e90264f33305004495a9","hash":"57b162f9f830258ccc4dddde869ce571b06109d4"}
,"/Users/jaren/Documents/GitHub Repos/Walk-Dont-Run/services/userService.ts": {"path":"/Users/jaren/Documents/GitHub Repos/Walk-Dont-Run/services/userService.ts","statementMap":{"0":{"start":{"line":7,"column":28},"end":{"line":38,"column":1}},"1":{"start":{"line":8,"column":4},"end":{"line":37,"column":5}},"2":{"start":{"line":9,"column":32},"end":{"line":21,"column":10}},"3":{"start":{"line":10,"column":24},"end":{"line":10,"column":44}},"4":{"start":{"line":11,"column":12},"end":{"line":13,"column":14}},"5":{"start":{"line":12,"column":16},"end":{"line":12,"column":38}},"6":{"start":{"line":14,"column":12},"end":{"line":17,"column":14}},"7":{"start":{"line":15,"column":16},"end":{"line":15,"column":58}},"8":{"start":{"line":16,"column":16},"end":{"line":16,"column":64}},"9":{"start":{"line":18,"column":12},"end":{"line":18,"column":38}},"10":{"start":{"line":19,"column":12},"end":{"line":19,"column":44}},"11":{"start":{"line":20,"column":12},"end":{"line":20,"column":27}},"12":{"start":{"line":23,"column":28},"end":{"line":23,"column":69}},"13":{"start":{"line":24,"column":25},"end":{"line":26,"column":9}},"14":{"start":{"line":27,"column":8},"end":{"line":27,"column":60}},"15":{"start":{"line":29,"column":8},"end":{"line":29,"column":37}},"16":{"start":{"line":30,"column":8},"end":{"line":30,"column":49}},"17":{"start":{"line":32,"column":8},"end":{"line":32,"column":50}},"18":{"start":{"line":33,"column":8},"end":{"line":35,"column":9}},"19":{"start":{"line":34,"column":12},"end":{"line":34,"column":76}},"20":{"start":{"line":36,"column":8},"end":{"line":36,"column":16}},"21":{"start":{"line":40,"column":33},"end":{"line":58,"column":1}},"22":{"start":{"line":44,"column":20},"end":{"line":44,"column":44}},"23":{"start":{"line":50,"column":8},"end":{"line":50,"column":22}},"24":{"start":{"line":51,"column":4},"end":{"line":53,"column":5}},"25":{"start":{"line":52,"column":8},"end":{"line":52,"column":60}},"26":{"start":{"line":54,"column":4},"end":{"line":56,"column":5}},"27":{"start":{"line":55,"column":8},"end":{"line":55,"column":38}},"28":{"start":{"line":57,"column":4},"end":{"line":57,"column":43}}},"fnMap":{"0":{"name":"(anonymous_0)","decl":{"start":{"line":7,"column":28},"end":{"line":7,"column":29}},"loc":{"start":{"line":7,"column":89},"end":{"line":38,"column":1}},"line":7},"1":{"name":"(anonymous_1)","decl":{"start":{"line":9,"column":50},"end":{"line":9,"column":51}},"loc":{"start":{"line":9,"column":71},"end":{"line":21,"column":9}},"line":9},"2":{"name":"(anonymous_2)","decl":{"start":{"line":11,"column":25},"end":{"line":11,"column":26}},"loc":{"start":{"line":11,"column":37},"end":{"line":13,"column":13}},"line":11},"3":{"name":"(anonymous_3)","decl":{"start":{"line":14,"column":26},"end":{"line":14,"column":27}},"loc":{"start":{"line":14,"column":39},"end":{"line":17,"column":13}},"line":14},"4":{"name":"(anonymous_4)","decl":{"start":{"line":40,"column":33},"end":{"line":40,"column":34}},"loc":{"start":{"line":43,"column":5},"end":{"line":58,"column":1}},"line":43}},"branchMap":{"0":{"loc":{"start":{"line":33,"column":8},"end":{"line":35,"column":9}},"type":"if","locations":[{"start":{"line":33,"column":8},"end":{"line":35,"column":9}},{"start":{},"end":{}}],"line":33},"1":{"loc":{"start":{"line":33,"column":12},"end":{"line":33,"column":78}},"type":"binary-expr","locations":[{"start":{"line":33,"column":12},"end":{"line":33,"column":31}},{"start":{"line":33,"column":35},"end":{"line":33,"column":47}},{"start":{"line":33,"column":51},"end":{"line":33,"column":78}}],"line":33},"2":{"loc":{"start":{"line":51,"column":4},"end":{"line":53,"column":5}},"type":"if","locations":[{"start":{"line":51,"column":4},"end":{"line":53,"column":5}},{"start":{},"end":{}}],"line":51},"3":{"loc":{"start":{"line":54,"column":4},"end":{"line":56,"column":5}},"type":"if","locations":[{"start":{"line":54,"column":4},"end":{"line":56,"column":5}},{"start":{},"end":{}}],"line":54}},"s":{"0":1,"1":5,"2":5,"3":5,"4":5,"5":4,"6":5,"7":1,"8":1,"9":5,"10":5,"11":5,"12":4,"13":4,"14":4,"15":4,"16":4,"17":1,"18":1,"19":0,"20":1,"21":1,"22":8,"23":8,"24":8,"25":4,"26":8,"27":7,"28":8},"f":{"0":5,"1":5,"2":4,"3":1,"4":8},"b":{"0":[0,1],"1":[1,0,0],"2":[4,4],"3":[7,1]},"_coverageSchema":"1a1c01bbd47fc00a2c39e90264f33305004495a9","hash":"dbf5e8aba147b10318670fcfa5bfbf6546d80460"}
,"/Users/jaren/Documents/GitHub Repos/Walk-Dont-Run/utils/authErrors.ts": {"path":"/Users/jaren/Documents/GitHub Repos/Walk-Dont-Run/utils/authErrors.ts","statementMap":{"0":{"start":{"line":1,"column":35},"end":{"line":24,"column":1}},"1":{"start":{"line":2,"column":2},"end":{"line":23,"column":3}},"2":{"start":{"line":6,"column":6},"end":{"line":6,"column":62}},"3":{"start":{"line":8,"column":6},"end":{"line":8,"column":51}},"4":{"start":{"line":10,"column":6},"end":{"line":10,"column":71}},"5":{"start":{"line":12,"column":6},"end":{"line":12,"column":74}},"6":{"start":{"line":14,"column":6},"end":{"line":14,"column":55}},"7":{"start":{"line":16,"column":6},"end":{"line":16,"column":66}},"8":{"start":{"line":18,"column":6},"end":{"line":18,"column":70}},"9":{"start":{"line":20,"column":6},"end":{"line":20,"column":48}},"10":{"start":{"line":22,"column":6},"end":{"line":22,"column":55}}},"fnMap":{"0":{"name":"(anonymous_0)","decl":{"start":{"line":1,"column":35},"end":{"line":1,"column":36}},"loc":{"start":{"line":1,"column":61},"end":{"line":24,"column":1}},"line":1}},"branchMap":{"0":{"loc":{"start":{"line":2,"column":2},"end":{"line":23,"column":3}},"type":"switch","locations":[{"start":{"line":3,"column":4},"end":{"line":3,"column":31}},{"start":{"line":4,"column":4},"end":{"line":4,"column":31}},{"start":{"line":5,"column":4},"end":{"line":6,"column":62}},{"start":{"line":7,"column":4},"end":{"line":8,"column":51}},{"start":{"line":9,"column":4},"end":{"line":10,"column":71}},{"start":{"line":11,"column":4},"end":{"line":12,"column":74}},{"start":{"line":13,"column":4},"end":{"line":14,"column":55}},{"start":{"line":15,"column":4},"end":{"line":16,"column":66}},{"start":{"line":17,"column":4},"end":{"line":18,"column":70}},{"start":{"line":19,"column":4},"end":{"line":20,"column":48}},{"start":{"line":21,"column":4},"end":{"line":22,"column":55}}],"line":2}},"s":{"0":1,"1":12,"2":3,"3":1,"4":1,"5":1,"6":1,"7":1,"8":1,"9":1,"10":2},"f":{"0":12},"b":{"0":[1,2,3,1,1,1,1,1,1,1,2]},"_coverageSchema":"1a1c01bbd47fc00a2c39e90264f33305004495a9","hash":"0d8539b936568ca282bee2bf4a95d4e25f380fd0"}
,"/Users/jaren/Documents/GitHub Repos/Walk-Dont-Run/utils/firestoreErrors.ts": {"path":"/Users/jaren/Documents/GitHub Repos/Walk-Dont-Run/utils/firestoreErrors.ts","statementMap":{"0":{"start":{"line":8,"column":4},"end":{"line":12,"column":6}}},"fnMap":{"0":{"name":"isFirestoreError","decl":{"start":{"line":7,"column":16},"end":{"line":7,"column":32}},"loc":{"start":{"line":7,"column":74},"end":{"line":13,"column":1}},"line":7}},"branchMap":{"0":{"loc":{"start":{"line":9,"column":8},"end":{"line":11,"column":29}},"type":"binary-expr","locations":[{"start":{"line":9,"column":8},"end":{"line":9,"column":33}},{"start":{"line":10,"column":8},"end":{"line":10,"column":22}},{"start":{"line":11,"column":8},"end":{"line":11,"column":29}}],"line":9}},"s":{"0":8},"f":{"0":8},"b":{"0":[8,5,4]},"_coverageSchema":"1a1c01bbd47fc00a2c39e90264f33305004495a9","hash":"0833bc92183658e7dc9bf709bb43aca1251c622d"}
,"/Users/jaren/Documents/GitHub Repos/Walk-Dont-Run/utils/runUtils.ts": {"path":"/Users/jaren/Documents/GitHub Repos/Walk-Dont-Run/utils/runUtils.ts","statementMap":{"0":{"start":{"line":1,"column":27},"end":{"line":19,"column":1}},"1":{"start":{"line":2,"column":4},"end":{"line":2,"column":35}},"2":{"start":{"line":2,"column":23},"end":{"line":2,"column":35}},"3":{"start":{"line":3,"column":18},"end":{"line":3,"column":49}},"4":{"start":{"line":4,"column":4},"end":{"line":4,"column":39}},"5":{"start":{"line":4,"column":27},"end":{"line":4,"column":39}},"6":{"start":{"line":5,"column":23},"end":{"line":5,"column":24}},"7":{"start":{"line":7,"column":4},"end":{"line":11,"column":5}},"8":{"start":{"line":8,"column":8},"end":{"line":8,"column":66}},"9":{"start":{"line":9,"column":11},"end":{"line":11,"column":5}},"10":{"start":{"line":10,"column":8},"end":{"line":10,"column":48}},"11":{"start":{"line":13,"column":4},"end":{"line":13,"column":39}},"12":{"start":{"line":13,"column":27},"end":{"line":13,"column":39}},"13":{"start":{"line":15,"column":24},"end":{"line":15,"column":47}},"14":{"start":{"line":16,"column":20},"end":{"line":16,"column":48}},"15":{"start":{"line":17,"column":20},"end":{"line":17,"column":48}},"16":{"start":{"line":18,"column":4},"end":{"line":18,"column":63}}},"fnMap":{"0":{"name":"(anonymous_0)","decl":{"start":{"line":1,"column":27},"end":{"line":1,"column":28}},"loc":{"start":{"line":1,"column":75},"end":{"line":19,"column":1}},"line":1}},"branchMap":{"0":{"loc":{"start":{"line":2,"column":4},"end":{"line":2,"column":35}},"type":"if","locations":[{"start":{"line":2,"column":4},"end":{"line":2,"column":35}},{"start":{},"end":{}}],"line":2},"1":{"loc":{"start":{"line":4,"column":4},"end":{"line":4,"column":39}},"type":"if","locations":[{"start":{"line":4,"column":4},"end":{"line":4,"column":39}},{"start":{},"end":{}}],"line":4},"2":{"loc":{"start":{"line":7,"column":4},"end":{"line":11,"column":5}},"type":"if","locations":[{"start":{"line":7,"column":4},"end":{"line":11,"column":5}},{"start":{"line":9,"column":11},"end":{"line":11,"column":5}}],"line":7},"3":{"loc":{"start":{"line":9,"column":11},"end":{"line":11,"column":5}},"type":"if","locations":[{"start":{"line":9,"column":11},"end":{"line":11,"column":5}},{"start":{},"end":{}}],"line":9},"4":{"loc":{"start":{"line":13,"column":4},"end":{"line":13,"column":39}},"type":"if","locations":[{"start":{"line":13,"column":4},"end":{"line":13,"column":39}},{"start":{},"end":{}}],"line":13}},"s":{"0":1,"1":10,"2":2,"3":8,"4":8,"5":1,"6":7,"7":7,"8":5,"9":2,"10":1,"11":7,"12":2,"13":5,"14":5,"15":5,"16":5},"f":{"0":10},"b":{"0":[2,8],"1":[1,7],"2":[5,2],"3":[1,1],"4":[2,5]},"_coverageSchema":"1a1c01bbd47fc00a2c39e90264f33305004495a9","hash":"3ca7d79feb526b52705c530027b7d3e4aa3770f1"}
,"/Users/jaren/Documents/GitHub Repos/Walk-Dont-Run/utils/time.ts": {"path":"/Users/jaren/Documents/GitHub Repos/Walk-Dont-Run/utils/time.ts","statementMap":{"0":{"start":{"line":4,"column":4},"end":{"line":4,"column":38}},"1":{"start":{"line":4,"column":20},"end":{"line":4,"column":38}},"2":{"start":{"line":6,"column":16},"end":{"line":6,"column":26}},"3":{"start":{"line":7,"column":19},"end":{"line":7,"column":53}},"4":{"start":{"line":8,"column":21},"end":{"line":8,"column":47}},"5":{"start":{"line":9,"column":22},"end":{"line":9,"column":47}},"6":{"start":{"line":10,"column":21},"end":{"line":10,"column":47}},"7":{"start":{"line":12,"column":4},"end":{"line":12,"column":40}},"8":{"start":{"line":12,"column":22},"end":{"line":12,"column":40}},"9":{"start":{"line":13,"column":4},"end":{"line":13,"column":49}},"10":{"start":{"line":13,"column":23},"end":{"line":13,"column":49}},"11":{"start":{"line":14,"column":4},"end":{"line":14,"column":51}},"12":{"start":{"line":14,"column":24},"end":{"line":14,"column":51}},"13":{"start":{"line":15,"column":4},"end":{"line":15,"column":30}}},"fnMap":{"0":{"name":"formatRelativeTime","decl":{"start":{"line":3,"column":16},"end":{"line":3,"column":34}},"loc":{"start":{"line":3,"column":84},"end":{"line":16,"column":1}},"line":3}},"branchMap":{"0":{"loc":{"start":{"line":4,"column":4},"end":{"line":4,"column":38}},"type":"if","locations":[{"start":{"line":4,"column":4},"end":{"line":4,"column":38}},{"start":{},"end":{}}],"line":4},"1":{"loc":{"start":{"line":12,"column":4},"end":{"line":12,"column":40}},"type":"if","locations":[{"start":{"line":12,"column":4},"end":{"line":12,"column":40}},{"start":{},"end":{}}],"line":12},"2":{"loc":{"start":{"line":13,"column":4},"end":{"line":13,"column":49}},"type":"if","locations":[{"start":{"line":13,"column":4},"end":{"line":13,"column":49}},{"start":{},"end":{}}],"line":13},"3":{"loc":{"start":{"line":14,"column":4},"end":{"line":14,"column":51}},"type":"if","locations":[{"start":{"line":14,"column":4},"end":{"line":14,"column":51}},{"start":{},"end":{}}],"line":14}},"s":{"0":11,"1":2,"2":9,"3":9,"4":9,"5":9,"6":9,"7":9,"8":1,"9":8,"10":3,"11":5,"12":3,"13":2},"f":{"0":11},"b":{"0":[2,9],"1":[1,8],"2":[3,5],"3":[3,2]},"_coverageSchema":"1a1c01bbd47fc00a2c39e90264f33305004495a9","hash":"9be0b0afcf3dbd7aa006d72c1685c9bade4dc6e1"}
,"/Users/jaren/Documents/GitHub Repos/Walk-Dont-Run/utils/validation.ts": {"path":"/Users/jaren/Documents/GitHub Repos/Walk-Dont-Run/utils/validation.ts","statementMap":{"0":{"start":{"line":1,"column":32},"end":{"line":15,"column":1}},"1":{"start":{"line":2,"column":4},"end":{"line":4,"column":5}},"2":{"start":{"line":3,"column":8},"end":{"line":3,"column":57}},"3":{"start":{"line":5,"column":4},"end":{"line":7,"column":5}},"4":{"start":{"line":6,"column":8},"end":{"line":6,"column":70}},"5":{"start":{"line":8,"column":4},"end":{"line":10,"column":5}},"6":{"start":{"line":9,"column":8},"end":{"line":9,"column":60}},"7":{"start":{"line":11,"column":4},"end":{"line":13,"column":5}},"8":{"start":{"line":12,"column":8},"end":{"line":12,"column":71}},"9":{"start":{"line":14,"column":4},"end":{"line":14,"column":16}},"10":{"start":{"line":17,"column":29},"end":{"line":20,"column":1}},"11":{"start":{"line":18,"column":23},"end":{"line":18,"column":51}},"12":{"start":{"line":19,"column":4},"end":{"line":19,"column":34}}},"fnMap":{"0":{"name":"(anonymous_0)","decl":{"start":{"line":1,"column":32},"end":{"line":1,"column":33}},"loc":{"start":{"line":1,"column":64},"end":{"line":15,"column":1}},"line":1},"1":{"name":"(anonymous_1)","decl":{"start":{"line":17,"column":29},"end":{"line":17,"column":30}},"loc":{"start":{"line":17,"column":57},"end":{"line":20,"column":1}},"line":17}},"branchMap":{"0":{"loc":{"start":{"line":2,"column":4},"end":{"line":4,"column":5}},"type":"if","locations":[{"start":{"line":2,"column":4},"end":{"line":4,"column":5}},{"start":{},"end":{}}],"line":2},"1":{"loc":{"start":{"line":5,"column":4},"end":{"line":7,"column":5}},"type":"if","locations":[{"start":{"line":5,"column":4},"end":{"line":7,"column":5}},{"start":{},"end":{}}],"line":5},"2":{"loc":{"start":{"line":8,"column":4},"end":{"line":10,"column":5}},"type":"if","locations":[{"start":{"line":8,"column":4},"end":{"line":10,"column":5}},{"start":{},"end":{}}],"line":8},"3":{"loc":{"start":{"line":11,"column":4},"end":{"line":13,"column":5}},"type":"if","locations":[{"start":{"line":11,"column":4},"end":{"line":13,"column":5}},{"start":{},"end":{}}],"line":11}},"s":{"0":1,"1":15,"2":2,"3":13,"4":1,"5":12,"6":1,"7":11,"8":1,"9":10,"10":1,"11":8,"12":8},"f":{"0":15,"1":8},"b":{"0":[2,13],"1":[1,12],"2":[1,11],"3":[1,10]},"_coverageSchema":"1a1c01bbd47fc00a2c39e90264f33305004495a9","hash":"3d01e2ba024fe4ea4048b46d362dffc046bcff28"}
}
