TN:
SF:services/clanService.ts
FN:5,deriveClanRole
FN:13,getClanPermissions
FN:28,createClan
FN:66,getClanById
FN:77,getUserClans
FN:81,(anonymous_5)
FN:86,(anonymous_6)
FN:93,discoverPublicClans
FN:96,(anonymous_8)
FN:103,searchPublicClansByName
FN:112,(anonymous_10)
FN:119,subscribeToClan
FN:123,(anonymous_12)
FN:128,joinPublicClan
FN:140,requestToJoinClan
FN:162,getJoinRequests
FN:170,(anonymous_16)
FN:177,acceptJoinRequest
FN:194,declineJoinRequest
FN:203,removeMember
FN:219,leaveClan
FN:223,promoteToModerator
FN:232,demoteModerator
FN:241,promoteToCoLeader
FN:255,demoteCoLeader
FN:264,demoteCoLeaderToModerator
FN:278,transferLeadership
FN:296,postAnnouncement
FN:311,updateClanDetails
FN:327,disbandClan
FNF:30
FNH:27
FNDA:5,deriveClanRole
FNDA:5,getClanPermissions
FNDA:5,createClan
FNDA:3,getClanById
FNDA:3,getUserClans
FNDA:3,(anonymous_5)
FNDA:2,(anonymous_6)
FNDA:3,discoverPublicClans
FNDA:1,(anonymous_8)
FNDA:0,searchPublicClansByName
FNDA:0,(anonymous_10)
FNDA:3,subscribeToClan
FNDA:2,(anonymous_12)
FNDA:3,joinPublicClan
FNDA:2,requestToJoinClan
FNDA:3,getJoinRequests
FNDA:1,(anonymous_16)
FNDA:2,acceptJoinRequest
FNDA:2,declineJoinRequest
FNDA:3,removeMember
FNDA:1,leaveClan
FNDA:2,promoteToModerator
FNDA:2,demoteModerator
FNDA:2,promoteToCoLeader
FNDA:2,demoteCoLeader
FNDA:0,demoteCoLeaderToModerator
FNDA:2,transferLeadership
FNDA:2,postAnnouncement
FNDA:2,updateClanDetails
FNDA:2,disbandClan
DA:6,5
DA:7,4
DA:8,3
DA:9,2
DA:10,1
DA:14,5
DA:15,5
DA:16,5
DA:35,5
DA:36,5
DA:37,5
DA:39,5
DA:54,5
DA:58,5
DA:59,4
DA:61,1
DA:62,1
DA:67,3
DA:68,3
DA:69,2
DA:70,1
DA:72,1
DA:73,1
DA:78,3
DA:79,3
DA:80,2
DA:82,3
DA:83,2
DA:86,2
DA:88,1
DA:89,1
DA:94,3
DA:95,3
DA:96,2
DA:98,1
DA:99,1
DA:104,0
DA:105,0
DA:111,0
DA:112,0
DA:114,0
DA:115,0
DA:123,3
DA:124,2
DA:129,3
DA:130,3
DA:131,3
DA:132,3
DA:133,3
DA:135,1
DA:136,1
DA:146,2
DA:147,2
DA:155,1
DA:157,1
DA:158,1
DA:163,3
DA:164,3
DA:169,3
DA:170,2
DA:172,1
DA:173,1
DA:182,2
DA:183,2
DA:184,2
DA:185,2
DA:186,2
DA:187,2
DA:189,1
DA:190,1
DA:195,2
DA:196,2
DA:198,1
DA:199,1
DA:204,3
DA:205,3
DA:206,3
DA:211,3
DA:212,3
DA:214,1
DA:215,1
DA:220,1
DA:224,2
DA:225,2
DA:227,1
DA:228,1
DA:233,2
DA:234,2
DA:236,1
DA:237,1
DA:242,2
DA:243,2
DA:244,2
DA:248,2
DA:250,1
DA:251,1
DA:256,2
DA:257,2
DA:259,1
DA:260,1
DA:265,0
DA:266,0
DA:267,0
DA:271,0
DA:273,0
DA:274,0
DA:283,2
DA:284,2
DA:285,2
DA:289,2
DA:291,1
DA:292,1
DA:301,2
DA:302,2
DA:306,1
DA:307,1
DA:315,2
DA:316,2
DA:317,2
DA:318,2
DA:320,2
DA:322,1
DA:323,1
DA:328,2
DA:329,2
DA:331,1
DA:332,1
LF:127
LH:115
BRDA:6,0,0,1
BRDA:6,0,1,4
BRDA:7,1,0,1
BRDA:7,1,1,3
BRDA:8,2,0,1
BRDA:8,2,1,2
BRDA:9,3,0,1
BRDA:9,3,1,1
BRDA:14,4,0,5
BRDA:14,4,1,4
BRDA:15,5,0,5
BRDA:15,5,1,3
BRDA:33,6,0,5
BRDA:69,7,0,1
BRDA:69,7,1,1
BRDA:79,8,0,1
BRDA:79,8,1,2
BRDA:83,9,0,1
BRDA:83,9,1,1
BRDA:124,10,0,1
BRDA:124,10,1,1
BRDA:317,11,0,2
BRDA:317,11,1,0
BRF:23
BRH:22
end_of_record
TN:
SF:services/commentService.ts
FN:5,addComment
FN:35,subscribeToComments
FN:44,(anonymous_2)
FN:46,(anonymous_3)
FNF:4
FNH:1
FNDA:7,addComment
FNDA:0,subscribeToComments
FNDA:0,(anonymous_2)
FNDA:0,(anonymous_3)
DA:12,7
DA:13,7
DA:15,5
DA:16,5
DA:18,5
DA:28,5
DA:32,5
DA:39,0
DA:44,0
DA:45,0
DA:46,0
DA:48,0
LF:12
LH:7
BRDA:13,0,0,2
BRDA:13,0,1,5
BRF:2
BRH:2
end_of_record
TN:
SF:services/feedService.ts
FN:8,subscribeFeed
FN:24,(anonymous_1)
FN:25,(anonymous_2)
FNF:3
FNH:3
FNDA:9,subscribeFeed
FNDA:1,(anonymous_1)
FNDA:1,(anonymous_2)
DA:15,9
DA:17,9
DA:24,9
DA:25,1
DA:29,1
LF:5
LH:5
BRF:0
BRH:0
end_of_record
TN:
SF:services/followService.ts
FN:4,followUser
FN:19,unfollowUser
FNF:2
FNH:2
FNDA:5,followUser
FNDA:5,unfollowUser
DA:5,5
DA:7,5
DA:11,5
DA:16,5
DA:20,5
DA:22,5
DA:26,5
DA:31,5
LF:8
LH:8
BRF:0
BRH:0
end_of_record
TN:
SF:services/likeService.ts
FN:4,toggleLike
FNF:1
FNH:1
FNDA:6,toggleLike
DA:9,6
DA:10,6
LF:2
LH:2
BRDA:11,0,0,2
BRDA:11,0,1,4
BRF:2
BRH:2
end_of_record
TN:
SF:services/runService.ts
FN:6,(anonymous_0)
FN:32,(anonymous_1)
FN:40,(anonymous_2)
FN:50,(anonymous_3)
FN:62,(anonymous_4)
FN:63,(anonymous_5)
FNF:6
FNH:3
FNDA:5,(anonymous_0)
FNDA:3,(anonymous_1)
FNDA:3,(anonymous_2)
FNDA:0,(anonymous_3)
FNDA:0,(anonymous_4)
FNDA:0,(anonymous_5)
DA:6,1
DA:7,5
DA:8,5
DA:10,5
DA:11,5
DA:18,5
DA:19,5
DA:24,5
DA:25,5
DA:27,0
DA:28,0
DA:32,1
DA:33,3
DA:34,3
DA:39,3
DA:40,3
DA:45,0
DA:46,0
DA:50,1
DA:55,0
DA:61,0
DA:63,0
DA:67,0
LF:23
LH:15
BRF:0
BRH:0
end_of_record
TN:
SF:services/statsService.ts
FN:3,(anonymous_0)
FN:10,(anonymous_1)
FN:19,(anonymous_2)
FN:25,(anonymous_3)
FN:27,(anonymous_4)
FN:43,(anonymous_5)
FN:50,(anonymous_6)
FN:57,(anonymous_7)
FN:66,(anonymous_8)
FN:70,(anonymous_9)
FNF:10
FNH:9
FNDA:2,(anonymous_0)
FNDA:5,(anonymous_1)
FNDA:0,(anonymous_2)
FNDA:7,(anonymous_3)
FNDA:23,(anonymous_4)
FNDA:16,(anonymous_5)
FNDA:5,(anonymous_6)
FNDA:19,(anonymous_7)
FNDA:8,(anonymous_8)
FNDA:4,(anonymous_9)
DA:3,1
DA:4,2
DA:5,2
DA:6,2
DA:7,2
DA:10,1
DA:11,5
DA:12,5
DA:13,5
DA:14,5
DA:15,5
DA:16,5
DA:19,1
DA:20,0
DA:21,0
DA:22,0
DA:25,1
DA:26,7
DA:27,7
DA:28,23
DA:29,22
DA:30,22
DA:31,19
DA:32,19
DA:33,19
DA:34,17
DA:35,17
DA:37,2
DA:39,19
DA:42,7
DA:43,16
DA:50,1
DA:51,5
DA:52,5
DA:53,5
DA:54,5
DA:55,5
DA:56,5
DA:57,5
DA:58,19
DA:59,17
DA:60,17
DA:61,14
DA:62,13
DA:63,13
DA:66,8
DA:70,4
DA:71,5
LF:48
LH:45
BRDA:5,0,0,2
BRDA:5,0,1,0
BRDA:13,1,0,5
BRDA:13,1,1,5
BRDA:28,2,0,1
BRDA:28,2,1,22
BRDA:29,3,0,22
BRDA:29,3,1,3
BRDA:30,4,0,3
BRDA:30,4,1,19
BRDA:33,5,0,17
BRDA:33,5,1,2
BRDA:39,6,0,19
BRDA:39,6,1,16
BRDA:55,7,0,5
BRDA:55,7,1,5
BRDA:58,8,0,2
BRDA:58,8,1,17
BRDA:58,9,0,19
BRDA:58,9,1,18
BRDA:60,10,0,3
BRDA:60,10,1,14
BRDA:60,11,0,17
BRDA:60,11,1,13
BRDA:61,12,0,1
BRDA:61,12,1,13
BRDA:61,13,0,14
BRDA:61,13,1,4
BRDA:62,14,0,13
BRDA:62,14,1,8
BRF:30
BRH:29
end_of_record
TN:
SF:services/userService.ts
FN:8,(anonymous_0)
FN:10,(anonymous_1)
FN:12,(anonymous_2)
FN:15,(anonymous_3)
FN:42,(anonymous_4)
FN:63,(anonymous_5)
FN:74,(anonymous_6)
FN:77,(anonymous_7)
FN:78,(anonymous_8)
FNF:9
FNH:1
FNDA:0,(anonymous_0)
FNDA:0,(anonymous_1)
FNDA:0,(anonymous_2)
FNDA:0,(anonymous_3)
FNDA:8,(anonymous_4)
FNDA:0,(anonymous_5)
FNDA:0,(anonymous_6)
FNDA:0,(anonymous_7)
FNDA:0,(anonymous_8)
DA:8,1
DA:9,0
DA:10,0
DA:11,0
DA:12,0
DA:13,0
DA:15,0
DA:16,0
DA:17,0
DA:19,0
DA:20,0
DA:21,0
DA:24,0
DA:25,0
DA:29,0
DA:31,0
DA:32,0
DA:34,0
DA:35,0
DA:36,0
DA:38,0
DA:42,1
DA:46,8
DA:52,8
DA:53,8
DA:54,4
DA:56,8
DA:57,7
DA:60,8
DA:63,1
DA:64,0
DA:65,0
DA:66,0
DA:67,0
DA:69,0
DA:70,0
DA:74,1
DA:75,0
DA:76,0
DA:77,0
DA:78,0
DA:80,0
DA:81,0
LF:43
LH:11
BRDA:35,0,0,0
BRDA:35,0,1,0
BRDA:35,1,0,0
BRDA:35,1,1,0
BRDA:35,1,2,0
BRDA:53,2,0,4
BRDA:53,2,1,4
BRDA:56,3,0,7
BRDA:56,3,1,1
BRDA:66,4,0,0
BRDA:66,4,1,0
BRDA:76,5,0,0
BRDA:76,5,1,0
BRF:13
BRH:4
end_of_record
TN:
SF:utils/authErrors.ts
FN:1,(anonymous_0)
FNF:1
FNH:1
FNDA:12,(anonymous_0)
DA:1,1
DA:2,12
DA:6,3
DA:8,1
DA:10,1
DA:12,1
DA:14,1
DA:16,1
DA:18,1
DA:20,1
DA:22,2
LF:11
LH:11
BRDA:2,0,0,1
BRDA:2,0,1,2
BRDA:2,0,2,3
BRDA:2,0,3,1
BRDA:2,0,4,1
BRDA:2,0,5,1
BRDA:2,0,6,1
BRDA:2,0,7,1
BRDA:2,0,8,1
BRDA:2,0,9,1
BRDA:2,0,10,2
BRF:11
BRH:11
end_of_record
TN:
SF:utils/firestoreErrors.ts
FN:7,isFirestoreError
FNF:1
FNH:1
FNDA:8,isFirestoreError
DA:8,8
LF:1
LH:1
BRDA:9,0,0,8
BRDA:9,0,1,5
BRDA:9,0,2,4
BRF:3
BRH:3
end_of_record
TN:
SF:utils/runUtils.ts
FN:1,(anonymous_0)
FNF:1
FNH:1
FNDA:10,(anonymous_0)
DA:1,1
DA:2,10
DA:3,8
DA:4,8
DA:5,7
DA:7,7
DA:8,5
DA:9,2
DA:10,1
DA:13,7
DA:15,5
DA:16,5
DA:17,5
DA:18,5
LF:14
LH:14
BRDA:2,0,0,2
BRDA:2,0,1,8
BRDA:4,1,0,1
BRDA:4,1,1,7
BRDA:7,2,0,5
BRDA:7,2,1,2
BRDA:9,3,0,1
BRDA:9,3,1,1
BRDA:13,4,0,2
BRDA:13,4,1,5
BRF:10
BRH:10
end_of_record
TN:
SF:utils/time.ts
FN:3,formatRelativeTime
FNF:1
FNH:1
FNDA:11,formatRelativeTime
DA:4,11
DA:6,9
DA:7,9
DA:8,9
DA:9,9
DA:10,9
DA:12,9
DA:13,8
DA:14,5
DA:15,2
LF:10
LH:10
BRDA:4,0,0,2
BRDA:4,0,1,9
BRDA:12,1,0,1
BRDA:12,1,1,8
BRDA:13,2,0,3
BRDA:13,2,1,5
BRDA:14,3,0,3
BRDA:14,3,1,2
BRF:8
BRH:8
end_of_record
TN:
SF:utils/validation.ts
FN:1,(anonymous_0)
FN:17,(anonymous_1)
FNF:2
FNH:2
FNDA:15,(anonymous_0)
FNDA:8,(anonymous_1)
DA:1,1
DA:2,15
DA:3,2
DA:5,13
DA:6,1
DA:8,12
DA:9,1
DA:11,11
DA:12,1
DA:14,10
DA:17,1
DA:18,8
DA:19,8
LF:13
LH:13
BRDA:2,0,0,2
BRDA:2,0,1,13
BRDA:5,1,0,1
BRDA:5,1,1,12
BRDA:8,2,0,1
BRDA:8,2,1,11
BRDA:11,3,0,1
BRDA:11,3,1,10
BRF:8
BRH:8
end_of_record
