TN:
SF:services/commentService.ts
FN:5,addComment
FN:35,subscribeToComments
FN:44,(anonymous_2)
FN:46,(anonymous_3)
FNF:4
FNH:1
FNDA:7,addComment
FNDA:0,subscribeToComments
FNDA:0,(anonymous_2)
FNDA:0,(anonymous_3)
DA:12,7
DA:13,7
DA:15,5
DA:16,5
DA:18,5
DA:28,5
DA:32,5
DA:39,0
DA:44,0
DA:45,0
DA:46,0
DA:48,0
LF:12
LH:7
BRDA:13,0,0,2
BRDA:13,0,1,5
BRF:2
BRH:2
end_of_record
TN:
SF:services/feedService.ts
FN:8,subscribeFeed
FN:24,(anonymous_1)
FN:25,(anonymous_2)
FNF:3
FNH:3
FNDA:9,subscribeFeed
FNDA:1,(anonymous_1)
FNDA:1,(anonymous_2)
DA:15,9
DA:17,9
DA:24,9
DA:25,1
DA:29,1
LF:5
LH:5
BRF:0
BRH:0
end_of_record
TN:
SF:services/followService.ts
FN:4,followUser
FN:19,unfollowUser
FNF:2
FNH:2
FNDA:5,followUser
FNDA:5,unfollowUser
DA:5,5
DA:7,5
DA:11,5
DA:16,5
DA:20,5
DA:22,5
DA:26,5
DA:31,5
LF:8
LH:8
BRF:0
BRH:0
end_of_record
TN:
SF:services/likeService.ts
FN:4,toggleLike
FNF:1
FNH:1
FNDA:6,toggleLike
DA:9,6
DA:10,6
LF:2
LH:2
BRDA:11,0,0,2
BRDA:11,0,1,4
BRF:2
BRH:2
end_of_record
TN:
SF:services/runService.ts
FN:6,(anonymous_0)
FN:32,(anonymous_1)
FN:40,(anonymous_2)
FN:50,(anonymous_3)
FN:62,(anonymous_4)
FN:63,(anonymous_5)
FNF:6
FNH:3
FNDA:5,(anonymous_0)
FNDA:3,(anonymous_1)
FNDA:3,(anonymous_2)
FNDA:0,(anonymous_3)
FNDA:0,(anonymous_4)
FNDA:0,(anonymous_5)
DA:6,1
DA:7,5
DA:8,5
DA:10,5
DA:11,5
DA:18,5
DA:19,5
DA:24,5
DA:25,5
DA:27,0
DA:28,0
DA:32,1
DA:33,3
DA:34,3
DA:39,3
DA:40,3
DA:45,0
DA:46,0
DA:50,1
DA:55,0
DA:61,0
DA:63,0
DA:67,0
LF:23
LH:15
BRF:0
BRH:0
end_of_record
TN:
SF:services/userService.ts
FN:7,(anonymous_0)
FN:9,(anonymous_1)
FN:11,(anonymous_2)
FN:14,(anonymous_3)
FN:40,(anonymous_4)
FNF:5
FNH:1
FNDA:0,(anonymous_0)
FNDA:0,(anonymous_1)
FNDA:0,(anonymous_2)
FNDA:0,(anonymous_3)
FNDA:8,(anonymous_4)
DA:7,1
DA:8,0
DA:9,0
DA:10,0
DA:11,0
DA:12,0
DA:14,0
DA:15,0
DA:16,0
DA:18,0
DA:19,0
DA:20,0
DA:23,0
DA:24,0
DA:27,0
DA:29,0
DA:30,0
DA:32,0
DA:33,0
DA:34,0
DA:36,0
DA:40,1
DA:44,8
DA:50,8
DA:51,8
DA:52,4
DA:54,8
DA:55,7
DA:57,8
LF:29
LH:9
BRDA:33,0,0,0
BRDA:33,0,1,0
BRDA:33,1,0,0
BRDA:33,1,1,0
BRDA:33,1,2,0
BRDA:51,2,0,4
BRDA:51,2,1,4
BRDA:54,3,0,7
BRDA:54,3,1,1
BRF:9
BRH:4
end_of_record
TN:
SF:utils/authErrors.ts
FN:1,(anonymous_0)
FNF:1
FNH:1
FNDA:12,(anonymous_0)
DA:1,1
DA:2,12
DA:6,3
DA:8,1
DA:10,1
DA:12,1
DA:14,1
DA:16,1
DA:18,1
DA:20,1
DA:22,2
LF:11
LH:11
BRDA:2,0,0,1
BRDA:2,0,1,2
BRDA:2,0,2,3
BRDA:2,0,3,1
BRDA:2,0,4,1
BRDA:2,0,5,1
BRDA:2,0,6,1
BRDA:2,0,7,1
BRDA:2,0,8,1
BRDA:2,0,9,1
BRDA:2,0,10,2
BRF:11
BRH:11
end_of_record
TN:
SF:utils/firestoreErrors.ts
FN:7,isFirestoreError
FNF:1
FNH:1
FNDA:8,isFirestoreError
DA:8,8
LF:1
LH:1
BRDA:9,0,0,8
BRDA:9,0,1,5
BRDA:9,0,2,4
BRF:3
BRH:3
end_of_record
TN:
SF:utils/runUtils.ts
FN:1,(anonymous_0)
FNF:1
FNH:1
FNDA:10,(anonymous_0)
DA:1,1
DA:2,10
DA:3,8
DA:4,8
DA:5,7
DA:7,7
DA:8,5
DA:9,2
DA:10,1
DA:13,7
DA:15,5
DA:16,5
DA:17,5
DA:18,5
LF:14
LH:14
BRDA:2,0,0,2
BRDA:2,0,1,8
BRDA:4,1,0,1
BRDA:4,1,1,7
BRDA:7,2,0,5
BRDA:7,2,1,2
BRDA:9,3,0,1
BRDA:9,3,1,1
BRDA:13,4,0,2
BRDA:13,4,1,5
BRF:10
BRH:10
end_of_record
TN:
SF:utils/time.ts
FN:3,formatRelativeTime
FNF:1
FNH:1
FNDA:11,formatRelativeTime
DA:4,11
DA:6,9
DA:7,9
DA:8,9
DA:9,9
DA:10,9
DA:12,9
DA:13,8
DA:14,5
DA:15,2
LF:10
LH:10
BRDA:4,0,0,2
BRDA:4,0,1,9
BRDA:12,1,0,1
BRDA:12,1,1,8
BRDA:13,2,0,3
BRDA:13,2,1,5
BRDA:14,3,0,3
BRDA:14,3,1,2
BRF:8
BRH:8
end_of_record
TN:
SF:utils/validation.ts
FN:1,(anonymous_0)
FN:17,(anonymous_1)
FNF:2
FNH:2
FNDA:15,(anonymous_0)
FNDA:8,(anonymous_1)
DA:1,1
DA:2,15
DA:3,2
DA:5,13
DA:6,1
DA:8,12
DA:9,1
DA:11,11
DA:12,1
DA:14,10
DA:17,1
DA:18,8
DA:19,8
LF:13
LH:13
BRDA:2,0,0,2
BRDA:2,0,1,13
BRDA:5,1,0,1
BRDA:5,1,1,12
BRDA:8,2,0,1
BRDA:8,2,1,11
BRDA:11,3,0,1
BRDA:11,3,1,10
BRF:8
BRH:8
end_of_record
